GROUP,PACKAGE,CLASS,INSTRUCTION_MISSED,INSTRUCTION_COVERED,BRANCH_MISSED,BRANCH_COVERED,LINE_MISSED,LINE_COVERED,COMPLEXITY_MISSED,COMPLEXITY_COVERED,METHOD_MISSED,METHOD_COVERED
GenreApp,ru.osipov.deploy.services,GenreServiceImpl,296,10,12,0,67,4,16,2,10,2
GenreApp,ru.osipov.deploy.web,HomeController,0,13,0,0,0,4,0,3,0,3
GenreApp,ru.osipov.deploy.web,GenreController,0,240,1,17,0,64,1,17,0,9
GenreApp,ru.osipov.deploy.models,GenreInfo,78,21,16,0,7,8,11,4,3,4
GenreApp,ru.osipov.deploy.models,CreateGenreR,54,72,13,9,0,5,12,9,2,8
GenreApp,ru.osipov.deploy.configuration,GenreInstance,0,33,0,0,0,9,0,5,0,5
GenreApp,ru.osipov.deploy,DeployApp,5,3,0,0,2,1,1,1,1,1
GenreApp,ru.osipov.deploy,WebConfig,0,81,0,0,0,25,0,8,0,8
GenreApp,ru.osipov.deploy.entities,Genre,98,11,15,1,11,3,15,3,7,3
